  StoMifConverterV6.cpp
D:\CPEN412\M68k\Programs\SRecord_to_MIF_Converter\SRecord_to_MIF_Converter\SRecord_to_MIF_Converter\StoMifConverterV6.cpp(18,24): warning C4996: 'fopen': This function or variable may be unsafe. Consider using fopen_s instead. To disable deprecation, use _CRT_SECURE_NO_WARNINGS. See online help for details.
D:\CPEN412\M68k\Programs\SRecord_to_MIF_Converter\SRecord_to_MIF_Converter\SRecord_to_MIF_Converter\StoMifConverterV6.cpp(21,3): warning C4996: 'getch': The POSIX name for this item is deprecated. Instead, use the ISO C and C++ conformant name: _getch. See online help for details.
D:\CPEN412\M68k\Programs\SRecord_to_MIF_Converter\SRecord_to_MIF_Converter\SRecord_to_MIF_Converter\StoMifConverterV6.cpp(25,20): warning C4996: 'fopen': This function or variable may be unsafe. Consider using fopen_s instead. To disable deprecation, use _CRT_SECURE_NO_WARNINGS. See online help for details.
D:\CPEN412\M68k\Programs\SRecord_to_MIF_Converter\SRecord_to_MIF_Converter\SRecord_to_MIF_Converter\StoMifConverterV6.cpp(28,3): warning C4996: 'getch': The POSIX name for this item is deprecated. Instead, use the ISO C and C++ conformant name: _getch. See online help for details.
D:\CPEN412\M68k\Programs\SRecord_to_MIF_Converter\SRecord_to_MIF_Converter\SRecord_to_MIF_Converter\StoMifConverterV6.cpp(76,3): warning C4996: 'sscanf': This function or variable may be unsafe. Consider using sscanf_s instead. To disable deprecation, use _CRT_SECURE_NO_WARNINGS. See online help for details.
D:\CPEN412\M68k\Programs\SRecord_to_MIF_Converter\SRecord_to_MIF_Converter\SRecord_to_MIF_Converter\StoMifConverterV6.cpp(77,3): warning C4996: 'sscanf': This function or variable may be unsafe. Consider using sscanf_s instead. To disable deprecation, use _CRT_SECURE_NO_WARNINGS. See online help for details.
D:\CPEN412\M68k\Programs\SRecord_to_MIF_Converter\SRecord_to_MIF_Converter\SRecord_to_MIF_Converter\StoMifConverterV6.cpp(82,11): warning C4996: 'sscanf': This function or variable may be unsafe. Consider using sscanf_s instead. To disable deprecation, use _CRT_SECURE_NO_WARNINGS. See online help for details.
D:\CPEN412\M68k\Programs\SRecord_to_MIF_Converter\SRecord_to_MIF_Converter\SRecord_to_MIF_Converter\StoMifConverterV6.cpp(91,3): warning C4996: 'sscanf': This function or variable may be unsafe. Consider using sscanf_s instead. To disable deprecation, use _CRT_SECURE_NO_WARNINGS. See online help for details.
D:\CPEN412\M68k\Programs\SRecord_to_MIF_Converter\SRecord_to_MIF_Converter\SRecord_to_MIF_Converter\StoMifConverterV6.cpp(92,3): warning C4996: 'sscanf': This function or variable may be unsafe. Consider using sscanf_s instead. To disable deprecation, use _CRT_SECURE_NO_WARNINGS. See online help for details.
D:\CPEN412\M68k\Programs\SRecord_to_MIF_Converter\SRecord_to_MIF_Converter\SRecord_to_MIF_Converter\StoMifConverterV6.cpp(100,4): warning C4996: 'sscanf': This function or variable may be unsafe. Consider using sscanf_s instead. To disable deprecation, use _CRT_SECURE_NO_WARNINGS. See online help for details.
D:\CPEN412\M68k\Programs\SRecord_to_MIF_Converter\SRecord_to_MIF_Converter\SRecord_to_MIF_Converter\StoMifConverterV6.cpp(110,5): warning C4996: 'sscanf': This function or variable may be unsafe. Consider using sscanf_s instead. To disable deprecation, use _CRT_SECURE_NO_WARNINGS. See online help for details.
D:\CPEN412\M68k\Programs\SRecord_to_MIF_Converter\SRecord_to_MIF_Converter\SRecord_to_MIF_Converter\StoMifConverterV6.cpp(111,5): warning C4996: 'sscanf': This function or variable may be unsafe. Consider using sscanf_s instead. To disable deprecation, use _CRT_SECURE_NO_WARNINGS. See online help for details.
D:\CPEN412\M68k\Programs\SRecord_to_MIF_Converter\SRecord_to_MIF_Converter\SRecord_to_MIF_Converter\StoMifConverterV6.cpp(119,7): warning C4996: 'sscanf': This function or variable may be unsafe. Consider using sscanf_s instead. To disable deprecation, use _CRT_SECURE_NO_WARNINGS. See online help for details.
  正在生成代码
  1 of 8 functions (12.5%) were compiled, the rest were copied from previous compilation.
    0 functions were new in current compilation
    0 functions had inline decision re-evaluated but remain unchanged
  已完成代码的生成
  SRecord_to_MIF_Converter.vcxproj -> D:\CPEN412\M68k\Programs\SRecord_to_MIF_Converter\SRecord_to_MIF_Converter\Release\SRecord_to_MIF_Converter.exe
